<?xml version="1.0" encoding="UTF-8"?>
<!-- Generated by org.testng.reporters.JUnitReportReporter -->
<testsuite hostname="LAPTOP-D48PB34H" failures="0" tests="1" name="org.selenium.pom.tests.LoginTest" time="16.396" errors="0" timestamp="2022-09-29T11:19:47 AEST" skipped="0">
  <testcase classname="org.selenium.pom.tests.LoginTest" name="loginDuringCheckout" time="16.396"/>
  <system-out/>
</testsuite> <!-- org.selenium.pom.tests.LoginTest -->
