<?xml version="1.0" encoding="UTF-8"?>
<!-- Generated by org.testng.reporters.JUnitReportReporter -->
<testsuite hostname="LAPTOP-D48PB34H" failures="0" tests="5" name="com.planit.selenium.tests.JupiterHomePageTest" time="38.864" errors="0" timestamp="2022-09-29T20:40:46 AEST" skipped="0">
  <testcase classname="com.planit.selenium.tests.JupiterHomePageTest" name="loginDuringCheckout" time="6.429"/>
  <system-out/>
  <testcase classname="com.planit.selenium.tests.JupiterHomePageTest" name="loginDuringCheckout" time="6.353"/>
  <system-out/>
  <testcase classname="com.planit.selenium.tests.JupiterHomePageTest" name="loginDuringCheckout" time="10.558"/>
  <system-out/>
  <testcase classname="com.planit.selenium.tests.JupiterHomePageTest" name="loginDuringCheckout" time="8.136"/>
  <system-out/>
  <testcase classname="com.planit.selenium.tests.JupiterHomePageTest" name="loginDuringCheckout" time="7.388"/>
  <system-out/>
</testsuite> <!-- com.planit.selenium.tests.JupiterHomePageTest -->
