<?xml version="1.0" encoding="UTF-8"?>
<!-- Generated by org.testng.reporters.JUnitReportReporter -->
<testsuite hostname="LAPTOP-D48PB34H" failures="0" tests="12" name="com.planit.selenium.tests.JupiterContactsTest" time="177.298" errors="0" timestamp="2022-09-30T18:58:33 AEST" skipped="0">
  <testcase classname="com.planit.selenium.tests.JupiterContactsTest" name="contactsSubmissionPositive" time="12.149"/>
  <system-out/>
  <testcase classname="com.planit.selenium.tests.JupiterContactsTest" name="contactsSubmissionPositive" time="12.246"/>
  <system-out/>
  <testcase classname="com.planit.selenium.tests.JupiterContactsTest" name="contactsSubmissionE2E" time="13.270"/>
  <system-out/>
  <testcase classname="com.planit.selenium.tests.JupiterContactsTest" name="contactsSubmissionPositive" time="14.163"/>
  <system-out/>
  <testcase classname="com.planit.selenium.tests.JupiterContactsTest" name="contactsSubmissionPositive" time="32.224"/>
  <system-out/>
  <testcase classname="com.planit.selenium.tests.JupiterContactsTest" name="contactsSubmissionPositive" time="11.792"/>
  <system-out/>
  <testcase classname="com.planit.selenium.tests.JupiterContactsTest" name="contactsSubmissionPositive" time="11.323"/>
  <system-out/>
  <testcase classname="com.planit.selenium.tests.JupiterContactsTest" name="contactsSubmissionE2E" time="6.910"/>
  <system-out/>
  <testcase classname="com.planit.selenium.tests.JupiterContactsTest" name="contactsSubmissionPositive" time="17.937"/>
  <system-out/>
  <testcase classname="com.planit.selenium.tests.JupiterContactsTest" name="contactsSubmissionPositive" time="21.418"/>
  <system-out/>
  <testcase classname="com.planit.selenium.tests.JupiterContactsTest" name="contactsSubmissionPositive" time="11.153"/>
  <system-out/>
  <testcase classname="com.planit.selenium.tests.JupiterContactsTest" name="contactsSubmissionPositive" time="12.713"/>
  <system-out/>
</testsuite> <!-- com.planit.selenium.tests.JupiterContactsTest -->
