<?xml version="1.0" encoding="UTF-8"?>
<!-- Generated by org.testng.reporters.JUnitReportReporter -->
<testsuite hostname="LAPTOP-D48PB34H" failures="0" tests="2" name="org.selenium.pom.tests.CheckoutTest" time="32.336" errors="0" timestamp="2022-09-29T11:19:47 AEST" skipped="0">
  <testcase classname="org.selenium.pom.tests.CheckoutTest" name="GuestCheckoutUsingDirectBankTransfer" time="15.373"/>
  <system-out/>
  <testcase classname="org.selenium.pom.tests.CheckoutTest" name="LoginAndCheckoutUsingDirectBankTransfer" time="16.963"/>
  <system-out/>
</testsuite> <!-- org.selenium.pom.tests.CheckoutTest -->
